[2018-10-07T16:27:32Z] DATA/puertorico_data/Individuals/Translatedricky_martin.txt -> DATA/puertorico_data/Individuals/Translatedricky_martin_WCOORDS.txt:
Found "10 Million Views" in tweet "# Fiebre  10 Million Views    http://smarturl.it/FiebreVideo   pic.twitter.com/IiGJdLJDF2"
[2018-10-07T16:27:33Z] DATA/puertorico_data/Individuals/Translatedagarciapadilla.txt -> DATA/puertorico_data/Individuals/Translatedagarciapadilla_WCOORDS.txt:
Found "FL" in tweet "Puerto Ricans in Florida know that @SenBillNelson  has been our ally during the federal tax reform process. Now they can only hope that @marcorubio  will stand with us in this crucial moment."
[2018-10-07T16:27:33Z] DATA/puertorico_data/Individuals/Translatedricardorossello.txt -> DATA/puertorico_data/Individuals/Translatedricardorossello_WCOORDS.txt:
Found "WA" in tweet "With @Jenniffer2012 , @PRFAA  Director @Mercader1 , and members of the Puerto Rico Statehood Commission, discussing the agenda in Washington DC. @CharlesARodrig2  @luisfortuno51  @ZoriFonalledas  @amigoaguilar pic.twitter.com/9rkVufSUO7"
[2018-10-07T16:27:33Z] DATA/puertorico_data/Individuals/TranslatedLuisRiveraMarin.txt -> DATA/puertorico_data/Individuals/TranslatedLuisRiveraMarin_WCOORDS.txt:
Found "Real, ID" in tweet "State Department announces extension for Real ID http: // www. foronoticioso.com/fn/departament o-de-estado-announces-prorroga-para-el-real-id / ..."
[2018-10-07T16:27:37Z] DATA/puertorico_data/Individuals/Translatedtrschatz51.txt -> DATA/puertorico_data/Individuals/Translatedtrschatz51_WCOORDS.txt:
Found "WA" in tweet "Meeting with resident commissioner @RepJenniffer in Washington DC discussing various measures for the inclusion of Puerto Rico in fund allocation legislation. #UniendoEsfuerzosporPR pic.twitter.com/9KPSuy9Qs3"
[2018-10-07T16:27:54Z] DATA/puertorico_data/Individuals/Translatedtrschatz51.txt -> DATA/puertorico_data/Individuals/Translatedtrschatz51_WCOORDS.txt:
Mapped "WA" to coordinates (47.286835, -120.212614) within a 234.2223807882968 km radius
[2018-10-07T16:27:57Z] DATA/puertorico_data/Individuals/TranslatedCarmenYulinCruz.txt -> DATA/puertorico_data/Individuals/TranslatedCarmenYulinCruz_WCOORDS.txt:
Found "Commerce, NY" in tweet "Thank you NY Hispanic Chamber of Commerce NY delegation led by @MMViverito. They have never forgotten us and we will not forget that. pic.twitter.com/5RNqXkjqxC"
[2018-10-07T16:27:59Z] DATA/puertorico_data/Individuals/Translatedtrschatz51.txt -> DATA/puertorico_data/Individuals/Translatedtrschatz51_WCOORDS.txt:
Found "WA" in tweet "Meeting with Senator Ron Wyden with Governor @ricardorossello and @ Mercader1 Executive Director of PRFAA in Washington DC. #UniendoEsfuerzosporPR pic.twitter.com/BvefpAM05c"
[2018-10-07T16:28:41Z] DATA/puertorico_data/Individuals/Translatedtrschatz51.txt -> DATA/puertorico_data/Individuals/Translatedtrschatz51_WCOORDS.txt:
Mapped "WA" to coordinates (47.286835, -120.212614) within a 234.2223807882968 km radius
[2018-10-07T16:28:41Z] DATA/puertorico_data/Individuals/Translatedtrschatz51.txt -> DATA/puertorico_data/Individuals/Translatedtrschatz51_WCOORDS.txt:
Found "WA" in tweet "Along with resident commissioner @RepJenniffer and representatives @ JoseAponte51 @ ChePerez3 and @QuiquitoMelende in Washington DC #UniendoEsfuerzosporPR pic.twitter.com/nuhW8OJ1bl"
[2018-10-07T16:29:53Z] DATA/puertorico_data/Individuals/Translatedtrschatz51.txt -> DATA/puertorico_data/Individuals/Translatedtrschatz51_WCOORDS.txt:
Mapped "WA" to coordinates (47.286835, -120.212614) within a 234.2223807882968 km radius
[2018-10-07T16:29:53Z] DATA/puertorico_data/Individuals/Translatedtrschatz51.txt -> DATA/puertorico_data/Individuals/Translatedtrschatz51_WCOORDS.txt:
Found "WA" in tweet "Meeting with the governor @ricardorossello the senator from Texas, @tedcruz and the executive director of PRFAA, @ Mercader1 in Washington DC joining forces for Puerto Rico. pic.twitter.com/hti9Df7NpH"
[2018-10-07T16:30:11Z] DATA/puertorico_data/Individuals/TranslatedLuisRiveraMarin.txt -> DATA/puertorico_data/Individuals/TranslatedLuisRiveraMarin_WCOORDS.txt:
Found "FL" in tweet "Sharing with volunteers from Ecuador and Florida #PRSeLevanta pic.twitter.com/ebvYnNAHjI"
[2018-10-07T16:30:54Z] DATA/puertorico_data/Individuals/Translatedricky_martin.txt -> DATA/puertorico_data/Individuals/Translatedricky_martin_WCOORDS.txt:
Found "FL" in tweet ". @fema  watching the news, I only hear about budget allocation for Florida regarding #IRMA . Now tell us about Puerto Rico."
[2018-10-07T16:31:00Z] DATA/puertorico_data/Individuals/Translatedtrschatz51.txt -> DATA/puertorico_data/Individuals/Translatedtrschatz51_WCOORDS.txt:
Mapped "WA" to coordinates (47.286835, -120.212614) within a 234.2223807882968 km radius
[2018-10-07T16:31:29Z] DATA/puertorico_data/Individuals/TranslatedCarmenYulinCruz.txt -> DATA/puertorico_data/Individuals/TranslatedCarmenYulinCruz_WCOORDS.txt:
Found "FL" in tweet "Our prayers are with those in Parkland, Florida who are facing sorrow and pain. God bless you all!"
[2018-10-07T16:32:07Z] DATA/puertorico_data/Individuals/TranslatedLuisRiveraMarin.txt -> DATA/puertorico_data/Individuals/TranslatedLuisRiveraMarin_WCOORDS.txt:
Mapped "FL" to coordinates (27.756767, -81.463983) within a 210.85168210265104 km radius
[2018-10-07T16:32:07Z] DATA/puertorico_data/Individuals/TranslatedLuisRiveraMarin.txt -> DATA/puertorico_data/Individuals/TranslatedLuisRiveraMarin_WCOORDS.txt:
Found "Real, ID" in tweet "Today at 5pm I will be at @NoticentroWAPA Use of the driver's license when traveling to the USA, on the Real ID and the passport card. @fortalezapr"
[2018-10-07T16:32:39Z] DATA/puertorico_data/Individuals/Translatedricardorossello.txt -> DATA/puertorico_data/Individuals/Translatedricardorossello_WCOORDS.txt:
Mapped "WA" to coordinates (47.286835, -120.212614) within a 234.2223807882968 km radius
[2018-10-07T16:32:39Z] DATA/puertorico_data/Individuals/Translatedricardorossello.txt -> DATA/puertorico_data/Individuals/Translatedricardorossello_WCOORDS.txt:
Found "WA" in tweet "Today we began several days of meetings in Washington DC to achieve the approval of measures for Puerto Rico and its recovery. pic.twitter.com/pUchXXIPJr"
[2018-10-07T16:32:48Z] DATA/puertorico_data/Individuals/TranslatedLuisRiveraMarin.txt -> DATA/puertorico_data/Individuals/TranslatedLuisRiveraMarin_WCOORDS.txt:
Found "WA" in tweet "Discussing Puerto Rico’s agenda in Washington as we embark in a series of key meetings in our Nation’s capital. I look forward to productive dialogue for the benefit of the 3.4 million of Americans in the island. pic.twitter.com/BWKce1zk93"
[2018-10-07T16:33:34Z] DATA/puertorico_data/Individuals/TranslatedCarmenYulinCruz.txt -> DATA/puertorico_data/Individuals/TranslatedCarmenYulinCruz_WCOORDS.txt:
Mapped "FL" to coordinates (27.756767, -81.463983) within a 210.85168210265104 km radius
[2018-10-07T16:33:34Z] DATA/puertorico_data/Individuals/TranslatedCarmenYulinCruz.txt -> DATA/puertorico_data/Individuals/TranslatedCarmenYulinCruz_WCOORDS.txt:
Found "Totally, IL" in tweet "This practice has been denounced, police with covered faces, without plates and / or names. Totally ILLEGAL !!!!"
[2018-10-07T16:33:36Z] DATA/puertorico_data/Individuals/TranslatedCarmenYulinCruz.txt -> DATA/puertorico_data/Individuals/TranslatedCarmenYulinCruz_WCOORDS.txt:
Found "CT" in tweet "Thanks to Kirsten from Hartford, Connecticut for such a powerful message. #somebodyhelpus pic.twitter.com/oe2DhCj9KO"
[2018-10-07T16:34:12Z] DATA/puertorico_data/Individuals/Translatedagarciapadilla.txt -> DATA/puertorico_data/Individuals/Translatedagarciapadilla_WCOORDS.txt:
Mapped "FL" to coordinates (27.756767, -81.463983) within a 210.85168210265104 km radius
[2018-10-07T16:34:13Z] DATA/puertorico_data/Individuals/TranslatedLuisRiveraMarin.txt -> DATA/puertorico_data/Individuals/TranslatedLuisRiveraMarin_WCOORDS.txt:
Mapped "WA" to coordinates (47.286835, -120.212614) within a 234.2223807882968 km radius
[2018-10-07T16:34:13Z] DATA/puertorico_data/Individuals/TranslatedLuisRiveraMarin.txt -> DATA/puertorico_data/Individuals/TranslatedLuisRiveraMarin_WCOORDS.txt:
Found "WA" in tweet "Together with the Governor @ricardorossello in Washington to talk about the recovery of Puerto Rico. @NatlGovsAssoc pic.twitter.com/YBs3fbtKCl"
[2018-10-07T16:34:29Z] DATA/puertorico_data/Individuals/TranslatedCarmenYulinCruz.txt -> DATA/puertorico_data/Individuals/TranslatedCarmenYulinCruz_WCOORDS.txt:
Mapped "CT" to coordinates (41.650020, -72.734216) within a 63.200546008201734 km radius
[2018-10-07T16:34:29Z] DATA/puertorico_data/Individuals/TranslatedCarmenYulinCruz.txt -> DATA/puertorico_data/Individuals/TranslatedCarmenYulinCruz_WCOORDS.txt:
Found "WA" in tweet "Gob: Stop paying the board, demand it and go to Washington to ask for it to be eliminated. For all that, count on me and many more."
[2018-10-07T16:34:41Z] DATA/puertorico_data/Individuals/TranslatedCarmenYulinCruz.txt -> DATA/puertorico_data/Individuals/TranslatedCarmenYulinCruz_WCOORDS.txt:
Mapped "WA" to coordinates (47.286835, -120.212614) within a 234.2223807882968 km radius
[2018-10-07T16:34:41Z] DATA/puertorico_data/Individuals/TranslatedCarmenYulinCruz.txt -> DATA/puertorico_data/Individuals/TranslatedCarmenYulinCruz_WCOORDS.txt:
Found "WA" in tweet "Sewer cleaning on Washington Street in Condado. We continue ... @ SJUCiudadPatria pic.twitter.com/kO7iESXgVJ"
[2018-10-07T16:34:44Z] DATA/puertorico_data/Individuals/Translatedricky_martin.txt -> DATA/puertorico_data/Individuals/Translatedricky_martin_WCOORDS.txt:
Mapped "FL" to coordinates (27.756767, -81.463983) within a 210.85168210265104 km radius
[2018-10-07T16:34:44Z] DATA/puertorico_data/Individuals/Translatedricky_martin.txt -> DATA/puertorico_data/Individuals/Translatedricky_martin_WCOORDS.txt:
Found "Networks , LA" in tweet "# ACSVersace  Premier Dates:  USA: January 17th on @FXNetworks  LATAM: January 18th only on @Canalfx_la  (cont)  http://tl.gd/n_1sqd6jv  "
[2018-10-07T16:35:06Z] DATA/puertorico_data/Individuals/TranslatedCarmenYulinCruz.txt -> DATA/puertorico_data/Individuals/TranslatedCarmenYulinCruz_WCOORDS.txt:
Mapped "WA" to coordinates (47.286835, -120.212614) within a 234.2223807882968 km radius
[2018-10-07T16:35:06Z] DATA/puertorico_data/Individuals/TranslatedCarmenYulinCruz.txt -> DATA/puertorico_data/Individuals/TranslatedCarmenYulinCruz_WCOORDS.txt:
Found "Plaza Mercado, RI" in tweet "Plaza Mercado RIo Piedras y Santurce without electric power. It is still evident that we need to diversify energy. Let's go solar."
[2018-10-07T16:35:13Z] DATA/puertorico_data/Individuals/Translatedricky_martin.txt -> DATA/puertorico_data/Individuals/Translatedricky_martin_WCOORDS.txt:
Found "20 Million Views" in tweet "20 Million Views! #Fiebre @WisinOficial @yandeloficial http://smarturl.it/FiebreVideo pic.twitter.com/Zow58C7rFA"
[2018-10-07T16:35:58Z] DATA/puertorico_data/Individuals/Translatedricardorossello.txt -> DATA/puertorico_data/Individuals/Translatedricardorossello_WCOORDS.txt:
Mapped "WA" to coordinates (47.286835, -120.212614) within a 234.2223807882968 km radius
[2018-10-07T16:35:58Z] DATA/puertorico_data/Individuals/Translatedricardorossello.txt -> DATA/puertorico_data/Individuals/Translatedricardorossello_WCOORDS.txt:
Found "WA" in tweet "All sectors are called to strengthen our agenda in Washington DC. Puerto Rico needs to be included in the Federal Tax Reform and we work as a team to achieve it. #FrentePorPR pic.twitter.com/3MwnZKuzFf"
[2018-10-07T16:38:57Z] DATA/puertorico_data/Individuals/TranslatedCarmenYulinCruz.txt -> DATA/puertorico_data/Individuals/TranslatedCarmenYulinCruz_WCOORDS.txt:
Found "Thanks, NY" in tweet "Thanks NY Hispanic Chamber of Commerce from and delegation lead by Melissa Mark Viverito. We will never forget you. pic.twitter.com/PSFqCcFZ2P"
[2018-10-07T16:39:21Z] DATA/puertorico_data/Individuals/Translatedricardorossello.txt -> DATA/puertorico_data/Individuals/Translatedricardorossello_WCOORDS.txt:
Mapped "WA" to coordinates (47.286835, -120.212614) within a 234.2223807882968 km radius
[2018-10-07T16:39:22Z] DATA/puertorico_data/Individuals/Translatedricardorossello.txt -> DATA/puertorico_data/Individuals/Translatedricardorossello_WCOORDS.txt:
Found "Edgar McLauglin, CO" in tweet "Gathered at @fortalezapr with Cindy Pérez, CEO and founder of CAT5, Edgar McLauglin, COO of CAT5 and @aergary. pic.twitter.com/927owpJHFL"
[2018-10-07T16:40:04Z] DATA/puertorico_data/Individuals/TranslatedLuisRiveraMarin.txt -> DATA/puertorico_data/Individuals/TranslatedLuisRiveraMarin_WCOORDS.txt:
Mapped "WA" to coordinates (47.286835, -120.212614) within a 234.2223807882968 km radius
[2018-10-07T16:40:04Z] DATA/puertorico_data/Individuals/TranslatedLuisRiveraMarin.txt -> DATA/puertorico_data/Individuals/TranslatedLuisRiveraMarin_WCOORDS.txt:
Found "Real, ID" in tweet "State Department announces extension for Real ID http: // www. elvocero.com/gobierno/depar tamento-de-estado-anuncia-pr-rroga-for-the-real-id / article_79c82e22-f566-11e7-9129-9f8e40e7c5ae.html? utm_medium = social & utm_source = twitter & utm_campaign = user-share ... via @voceropr"
[2018-10-07T16:40:25Z] DATA/puertorico_data/Individuals/Translatedricardorossello.txt -> DATA/puertorico_data/Individuals/Translatedricardorossello_WCOORDS.txt:
Found "WA" in tweet "Beginning the agenda in Washington DC in search of aid for the recovery of Puerto Rico and the efforts of #FrentePorPR pic.twitter.com/687b0rEoMW"
[2018-10-07T16:40:29Z] DATA/puertorico_data/Individuals/TranslatedCarmenYulinCruz.txt -> DATA/puertorico_data/Individuals/TranslatedCarmenYulinCruz_WCOORDS.txt:
Found "Executive Director National Hispanic Leadership, NH" in tweet "Meeting with Héctor Sánchez, Executive Director National Hispanic Leadership NHLA Agenda part of the Labor Council for Latin American Advancement. pic.twitter.com/Srf1KVnu6P"
[2018-10-07T16:41:39Z] DATA/puertorico_data/Individuals/TranslatedLuisRiveraMarin.txt -> DATA/puertorico_data/Individuals/TranslatedLuisRiveraMarin_WCOORDS.txt:
Found "WA" in tweet "Secretary of State with meetings in Washington http: // www. elvocero.com/gobierno/secreario-de- estado-con-reuniones-en-washington / article_5d51c614-cfb3-11e7-a753-53c1516e5778.html? utm_medium = social & utm_source = twitter & utm_campaign = user-share ... via @voceropr"
[2018-10-07T16:42:19Z] DATA/puertorico_data/Individuals/TranslatedLuisRiveraMarin.txt -> DATA/puertorico_data/Individuals/TranslatedLuisRiveraMarin_WCOORDS.txt:
Mapped "WA" to coordinates (47.286835, -120.212614) within a 234.2223807882968 km radius
[2018-10-07T16:42:19Z] DATA/puertorico_data/Individuals/TranslatedLuisRiveraMarin.txt -> DATA/puertorico_data/Individuals/TranslatedLuisRiveraMarin_WCOORDS.txt:
Found "WA" in tweet "We recognize the effort and commitment of the Multisector Working Group that strongly advocated in Washington for health funds. https://twitter.com/elnuevodia/sta tus / 961958040244236288 ..."
[2018-10-07T16:42:19Z] DATA/puertorico_data/Individuals/TranslatedLuisRiveraMarin.txt -> DATA/puertorico_data/Individuals/TranslatedLuisRiveraMarin_WCOORDS.txt:
Mapped "WA" to coordinates (47.286835, -120.212614) within a 234.2223807882968 km radius
[2018-10-07T16:42:20Z] DATA/puertorico_data/Individuals/TranslatedLuisRiveraMarin.txt -> DATA/puertorico_data/Individuals/TranslatedLuisRiveraMarin_WCOORDS.txt:
Found "UT" in tweet "Thank you Utah @SpencerJCox ! https://twitter.com/spencerjcox/st atus/930810244581564416   …"
[2018-10-07T16:42:57Z] DATA/puertorico_data/Individuals/TranslatedCarmenYulinCruz.txt -> DATA/puertorico_data/Individuals/TranslatedCarmenYulinCruz_WCOORDS.txt:
Found "The, MS" in tweet "The MSJ will resume work Monday. Tomorrow, essential service employees or those related to the recovery work of Irma must be reported. pic.twitter.com/oM5Vx1RGO7"
[2018-10-07T16:43:11Z] DATA/puertorico_data/Individuals/TranslatedCarmenYulinCruz.txt -> DATA/puertorico_data/Individuals/TranslatedCarmenYulinCruz_WCOORDS.txt:
Mapped "The, MS" to coordinates (45.551494, -122.675583) within an unknown radius
[2018-10-07T16:43:12Z] DATA/puertorico_data/Individuals/TranslatedCarmenYulinCruz.txt -> DATA/puertorico_data/Individuals/TranslatedCarmenYulinCruz_WCOORDS.txt:
Found "Also, NY" in tweet "Absolutely nothing ah! and on the radio in England too. Also NY1, Telemundo and Univisión in the USA."
[2018-10-07T16:43:17Z] DATA/puertorico_data/Individuals/TranslatedCarmenYulinCruz.txt -> DATA/puertorico_data/Individuals/TranslatedCarmenYulinCruz_WCOORDS.txt:
Found "WA" in tweet "Three important messages from Washington DC: 1-Cite the Governor and Ricardo Ramos to explain recovery. 1/5"
[2018-10-07T16:43:40Z] DATA/puertorico_data/Individuals/TranslatedLuisRiveraMarin.txt -> DATA/puertorico_data/Individuals/TranslatedLuisRiveraMarin_WCOORDS.txt:
Mapped "UT" to coordinates (39.422519, -111.714358) within a 260.23269724594 km radius
[2018-10-07T16:43:40Z] DATA/puertorico_data/Individuals/TranslatedLuisRiveraMarin.txt -> DATA/puertorico_data/Individuals/TranslatedLuisRiveraMarin_WCOORDS.txt:
Found "Real, ID" in tweet "Announcement of extension for Real ID compliance https: // www. wapa.tv/noticias/local es / announce-prorroga-para-el-cumplimiento-del-real-id_20131122420921.html? utm_source = shared & utm_medium = wapatv ... @ricardorossello @fortalezapr"
[2018-10-07T16:43:46Z] DATA/puertorico_data/Individuals/TranslatedLuisRiveraMarin.txt -> DATA/puertorico_data/Individuals/TranslatedLuisRiveraMarin_WCOORDS.txt:
Found "FL" in tweet "Searching for solutions to the affected areas in Florida with Mayor José Gerena Polanco__NEWLINE __ # PuertoRicoSeLevanta __NEWLINE __ @ ricardorossello pic.twitter.com/vB9CRVRXq5"
[2018-10-07T16:44:12Z] DATA/puertorico_data/Individuals/TranslatedCarmenYulinCruz.txt -> DATA/puertorico_data/Individuals/TranslatedCarmenYulinCruz_WCOORDS.txt:
Mapped "WA" to coordinates (47.286835, -120.212614) within a 234.2223807882968 km radius
[2018-10-07T16:44:12Z] DATA/puertorico_data/Individuals/TranslatedCarmenYulinCruz.txt -> DATA/puertorico_data/Individuals/TranslatedCarmenYulinCruz_WCOORDS.txt:
Found "Ofic Manejo Emerg, NY" in tweet "Honored to share recognition with members Ofic Manejo Emerg NY. Honored to be recognized by Leg Municipal This great City. pic.twitter.com/dDQKZDaf78"
[2018-10-07T16:44:54Z] DATA/puertorico_data/Individuals/TranslatedCarmenYulinCruz.txt -> DATA/puertorico_data/Individuals/TranslatedCarmenYulinCruz_WCOORDS.txt:
Found "IL" in tweet "Thanks Sandra from Park Ridge, Illinois and thanks to the “young boy” that wanted to contribute. It means the world to us! #somebodyhelpus pic.twitter.com/mEOukpjucN"
[2018-10-07T16:45:28Z] DATA/puertorico_data/Individuals/TranslatedLuisRiveraMarin.txt -> DATA/puertorico_data/Individuals/TranslatedLuisRiveraMarin_WCOORDS.txt:
Mapped "FL" to coordinates (27.756767, -81.463983) within a 210.85168210265104 km radius
[2018-10-07T16:45:28Z] DATA/puertorico_data/Individuals/TranslatedLuisRiveraMarin.txt -> DATA/puertorico_data/Individuals/TranslatedLuisRiveraMarin_WCOORDS.txt:
Found "FL" in tweet "Along with teachers from Florida and Mayor José Gerena, in the reconstruction of their town__NEWLINE __ @ fortalezapr __NEWLINE __ # PuertoRicoSeLevanta pic.twitter.com/7jK4j2uDez"
[2018-10-07T16:45:30Z] DATA/puertorico_data/Individuals/TranslatedCarmenYulinCruz.txt -> DATA/puertorico_data/Individuals/TranslatedCarmenYulinCruz_WCOORDS.txt:
Mapped "IL" to coordinates (40.079661, -89.433729) within a 214.06656388396246 km radius
[2018-10-07T16:45:30Z] DATA/puertorico_data/Individuals/TranslatedLuisRiveraMarin.txt -> DATA/puertorico_data/Individuals/TranslatedLuisRiveraMarin_WCOORDS.txt:
Mapped "FL" to coordinates (27.756767, -81.463983) within a 210.85168210265104 km radius
[2018-10-07T16:45:31Z] DATA/puertorico_data/Individuals/TranslatedLuisRiveraMarin.txt -> DATA/puertorico_data/Individuals/TranslatedLuisRiveraMarin_WCOORDS.txt:
Found "Real, ID" in tweet "Government announces extension for Real ID http: // www. wipr.pr/gobierno-anunc ia-prorroga-para-el-real-id / ... via @WIPRTV"
[2018-10-07T16:45:32Z] DATA/puertorico_data/Individuals/TranslatedCarmenYulinCruz.txt -> DATA/puertorico_data/Individuals/TranslatedCarmenYulinCruz_WCOORDS.txt:
Found "San Juan, CO" in tweet "I inform: we had people from FEMA featured in the San Juan COE and now we have Homeland Security."
[2018-10-07T16:46:17Z] DATA/puertorico_data/Individuals/TranslatedLuisRiveraMarin.txt -> DATA/puertorico_data/Individuals/TranslatedLuisRiveraMarin_WCOORDS.txt:
Found "TX" in tweet "With @DanPatrick  leadership Texas has experienced progress and has recovered swiftly from disasters. In Puerto Rico we are grateful for his support during our recovery efforts. Re-elect a true champion of small business and conservative principles!"
[2018-10-07T16:46:17Z] DATA/puertorico_data/Individuals/Translatedricardorossello.txt -> DATA/puertorico_data/Individuals/Translatedricardorossello_WCOORDS.txt:
Mapped "WA" to coordinates (47.286835, -120.212614) within a 234.2223807882968 km radius
[2018-10-07T16:46:18Z] DATA/puertorico_data/Individuals/Translatedricardorossello.txt -> DATA/puertorico_data/Individuals/Translatedricardorossello_WCOORDS.txt:
Found "The, WI" in tweet "The WIPR incorporates new spaces for growth. @WIPRTV pic.twitter.com/u5yOCooXZo"
[2018-10-07T16:46:39Z] DATA/puertorico_data/Individuals/TranslatedLuisRiveraMarin.txt -> DATA/puertorico_data/Individuals/TranslatedLuisRiveraMarin_WCOORDS.txt:
Mapped "TX" to coordinates (31.816038, -99.512099) within a 464.57546726754583 km radius
[2018-10-07T16:46:39Z] DATA/puertorico_data/Individuals/TranslatedLuisRiveraMarin.txt -> DATA/puertorico_data/Individuals/TranslatedLuisRiveraMarin_WCOORDS.txt:
Found "MS" in tweet "Thanks to Mississippi Power (@MS_Power) for saying present in the work of restoring the electrical system on the island. #PoweringPR @msstate https://twitter.com/ms_power/statu s / 954813078910197761 ..."
[2018-10-07T16:46:52Z] DATA/puertorico_data/Individuals/TranslatedCarmenYulinCruz.txt -> DATA/puertorico_data/Individuals/TranslatedCarmenYulinCruz_WCOORDS.txt:
Mapped "San Juan, CO" to coordinates (37.125192, -104.747981) within an unknown radius
[2018-10-07T16:46:53Z] DATA/puertorico_data/Individuals/TranslatedCarmenYulinCruz.txt -> DATA/puertorico_data/Individuals/TranslatedCarmenYulinCruz_WCOORDS.txt:
Found "Other, MS" in tweet "Other MSJ facilities that open April 3: Trastalleres, Basketball Court Bo Obrero Marina and Res Manuel A Perez-Skating Rink / gym"
[2018-10-07T16:47:57Z] DATA/puertorico_data/Individuals/Translatedricardorossello.txt -> DATA/puertorico_data/Individuals/Translatedricardorossello_WCOORDS.txt:
Mapped "The, WI" to coordinates (44.811349, -91.498494) within an unknown radius
[2018-10-07T16:47:57Z] DATA/puertorico_data/Individuals/Translatedricardorossello.txt -> DATA/puertorico_data/Individuals/Translatedricardorossello_WCOORDS.txt:
Found "FL" in tweet "Arriving at a meeting with Puerto Rican community leaders in Central Florida to talk about recovery and reconstruction efforts and promote political involvement in national politics. @Mercader1  @PRFAA pic.twitter.com/fNCkmtw2hb"
[2018-10-07T16:48:12Z] DATA/puertorico_data/Individuals/TranslatedLuisRiveraMarin.txt -> DATA/puertorico_data/Individuals/TranslatedLuisRiveraMarin_WCOORDS.txt:
Mapped "MS" to coordinates (32.971564, -89.734850) within a 196.649464711516 km radius
[2018-10-07T16:48:12Z] DATA/puertorico_data/Individuals/TranslatedLuisRiveraMarin.txt -> DATA/puertorico_data/Individuals/TranslatedLuisRiveraMarin_WCOORDS.txt:
Found "FL" in tweet "With Governor @ricardorossello and the Governor of Florida @FLGovScott, who came to review the devastation that María left us. pic.twitter.com/gU7IHI9Ecz"
[2018-10-07T16:48:53Z] DATA/puertorico_data/Individuals/Translatedricardorossello.txt -> DATA/puertorico_data/Individuals/Translatedricardorossello_WCOORDS.txt:
Mapped "FL" to coordinates (27.756767, -81.463983) within a 210.85168210265104 km radius
[2018-10-07T16:48:53Z] DATA/puertorico_data/Individuals/Translatedricardorossello.txt -> DATA/puertorico_data/Individuals/Translatedricardorossello_WCOORDS.txt:
Found "FL" in tweet "Our prayers are with #BrowardCounty and victims of the mass shooting at Marjory Stoneman Douglas High School. Puerto Rico stands with Florida @FLGovScott"
[2018-10-07T16:49:14Z] DATA/puertorico_data/Individuals/TranslatedLuisRiveraMarin.txt -> DATA/puertorico_data/Individuals/TranslatedLuisRiveraMarin_WCOORDS.txt:
Mapped "FL" to coordinates (27.756767, -81.463983) within a 210.85168210265104 km radius
[2018-10-07T16:49:15Z] DATA/puertorico_data/Individuals/TranslatedLuisRiveraMarin.txt -> DATA/puertorico_data/Individuals/TranslatedLuisRiveraMarin_WCOORDS.txt:
Found "FL" in tweet "In the sector Cubuy Barrio Florida de Naguabo observing the effects of Hurricane Maria in the community__NEWLINE __ @ fortalezapr __NEWLINE __ # PRSeLevanta pic.twitter.com/MVq3pgQ0nW"
[2018-10-07T16:49:20Z] DATA/puertorico_data/Individuals/TranslatedLuisRiveraMarin.txt -> DATA/puertorico_data/Individuals/TranslatedLuisRiveraMarin_WCOORDS.txt:
Mapped "FL" to coordinates (27.756767, -81.463983) within a 210.85168210265104 km radius
[2018-10-07T16:49:20Z] DATA/puertorico_data/Individuals/TranslatedLuisRiveraMarin.txt -> DATA/puertorico_data/Individuals/TranslatedLuisRiveraMarin_WCOORDS.txt:
Found "Parkland, FL" in tweet "Our prayers with the community and families of the victims of Parkland, FLA. Unfortunate enough this incident. But in the same way, Thank God there were no Puerto Ricans among the fatal victims."
[2018-10-07T16:51:12Z] DATA/puertorico_data/Individuals/Translatedricardorossello.txt -> DATA/puertorico_data/Individuals/Translatedricardorossello_WCOORDS.txt:
Mapped "FL" to coordinates (27.756767, -81.463983) within a 210.85168210265104 km radius
[2018-10-07T16:51:13Z] DATA/puertorico_data/Individuals/Translatedricardorossello.txt -> DATA/puertorico_data/Individuals/Translatedricardorossello_WCOORDS.txt:
Found "WA" in tweet "Today we join the #FrentePorPR agenda in Washington DC on Health. What we are asking for is fair consideration for Puerto Rico. pic.twitter.com/OTmUa2ukbp"
[2018-10-07T16:51:34Z] DATA/puertorico_data/Individuals/Translatedricardorossello.txt -> DATA/puertorico_data/Individuals/Translatedricardorossello_WCOORDS.txt:
Mapped "WA" to coordinates (47.286835, -120.212614) within a 234.2223807882968 km radius
[2018-10-07T16:51:35Z] DATA/puertorico_data/Individuals/Translatedricardorossello.txt -> DATA/puertorico_data/Individuals/Translatedricardorossello_WCOORDS.txt:
Found "FL" in tweet "I thank the Puerto Ricans residing in Central Florida for receiving us. We are going to build a stronger Puerto Rico with your help and commitment. pic.twitter.com/JeJMFu3VOi"
[2018-10-07T16:52:13Z] DATA/puertorico_data/Individuals/TranslatedLuisRiveraMarin.txt -> DATA/puertorico_data/Individuals/TranslatedLuisRiveraMarin_WCOORDS.txt:
Mapped "Parkland, FL" to coordinates (26.310079, -80.237270) within a 2.8998399286983605 km radius
[2018-10-07T16:52:14Z] DATA/puertorico_data/Individuals/TranslatedLuisRiveraMarin.txt -> DATA/puertorico_data/Individuals/TranslatedLuisRiveraMarin_WCOORDS.txt:
Found "FL" in tweet "To which side more than a million Puerto Ricans in Florida will sway the balance? Swing State of Florida to be decided by the hispanic force"
[2018-10-07T16:53:19Z] DATA/puertorico_data/Individuals/Translatedricardorossello.txt -> DATA/puertorico_data/Individuals/Translatedricardorossello_WCOORDS.txt:
Mapped "FL" to coordinates (27.756767, -81.463983) within a 210.85168210265104 km radius
[2018-10-07T16:53:20Z] DATA/puertorico_data/Individuals/Translatedricardorossello.txt -> DATA/puertorico_data/Individuals/Translatedricardorossello_WCOORDS.txt:
Found "TX" in tweet "Our claim is the same as Florida, Texas and the USVI: we deserve equal treatment to rebuild Puerto Rico. pic.twitter.com/FSwPZiuu9e"
[2018-10-07T16:53:26Z] DATA/puertorico_data/Individuals/TranslatedLuisRiveraMarin.txt -> DATA/puertorico_data/Individuals/TranslatedLuisRiveraMarin_WCOORDS.txt:
Mapped "FL" to coordinates (27.756767, -81.463983) within a 210.85168210265104 km radius
[2018-10-07T16:53:26Z] DATA/puertorico_data/Individuals/TranslatedLuisRiveraMarin.txt -> DATA/puertorico_data/Individuals/TranslatedLuisRiveraMarin_WCOORDS.txt:
Found "Real, ID" in tweet "Now live by @ Z93 offering important information about the Real ID."
[2018-10-07T16:53:32Z] DATA/puertorico_data/Individuals/Translatedricardorossello.txt -> DATA/puertorico_data/Individuals/Translatedricardorossello_WCOORDS.txt:
Mapped "TX" to coordinates (31.816038, -99.512099) within a 464.57546726754583 km radius
[2018-10-07T16:53:32Z] DATA/puertorico_data/Individuals/Translatedricardorossello.txt -> DATA/puertorico_data/Individuals/Translatedricardorossello_WCOORDS.txt:
Found "FL" in tweet "I share a video about our visit to the state of Florida to organize and promote the participation of Puerto Ricans in the political processes of the Nation. pic.twitter.com/0SPaYGWbaz"
[2018-10-07T16:53:45Z] DATA/puertorico_data/Individuals/Translatedricardorossello.txt -> DATA/puertorico_data/Individuals/Translatedricardorossello_WCOORDS.txt:
Mapped "FL" to coordinates (27.756767, -81.463983) within a 210.85168210265104 km radius
[2018-10-07T16:53:45Z] DATA/puertorico_data/Individuals/Translatedricardorossello.txt -> DATA/puertorico_data/Individuals/Translatedricardorossello_WCOORDS.txt:
Found "FL" in tweet "In a round table with Florida based electric companies to seek additional resources to restore power.Thank you @FLGovScott  for your support! pic.twitter.com/eFDB1vN32Q"
[2018-10-07T16:53:50Z] DATA/puertorico_data/Individuals/TranslatedLuisRiveraMarin.txt -> DATA/puertorico_data/Individuals/TranslatedLuisRiveraMarin_WCOORDS.txt:
Found "TX" in tweet "Talked today with Lt. Gov. @DanPatrick  from the great State of Texas to convey our support and solidarity in this difficult time-Best wishes pic.twitter.com/0MVcQlhLqM"
[2018-10-07T16:53:53Z] DATA/puertorico_data/Individuals/Translatedricardorossello.txt -> DATA/puertorico_data/Individuals/Translatedricardorossello_WCOORDS.txt:
Mapped "FL" to coordinates (27.756767, -81.463983) within a 210.85168210265104 km radius
[2018-10-07T16:53:55Z] DATA/puertorico_data/Individuals/Translatedricardorossello.txt -> DATA/puertorico_data/Individuals/Translatedricardorossello_WCOORDS.txt:
Found "MA" in tweet "Meeting with the Governor of Massachusetts @CharlieBakerMA and Boston Mayor Marty Walsh before the joint conference on Puerto Rico and the need to be included in supplementary aid for disaster. pic.twitter.com/uzr9n6k4DU"
[2018-10-07T16:55:40Z] DATA/puertorico_data/Individuals/Translatedricardorossello.txt -> DATA/puertorico_data/Individuals/Translatedricardorossello_WCOORDS.txt:
Mapped "MA" to coordinates (42.378877, -72.032366) within a 80.39554265193742 km radius
[2018-10-07T16:55:40Z] DATA/puertorico_data/Individuals/TranslatedLuisRiveraMarin.txt -> DATA/puertorico_data/Individuals/TranslatedLuisRiveraMarin_WCOORDS.txt:
Mapped "TX" to coordinates (31.816038, -99.512099) within a 464.57546726754583 km radius
[2018-10-07T16:55:42Z] DATA/puertorico_data/Individuals/TranslatedLuisRiveraMarin.txt -> DATA/puertorico_data/Individuals/TranslatedLuisRiveraMarin_WCOORDS.txt:
Found "MD" in tweet "During meeting of @NASSorg with Rhodes Island SOS @ NellieGorbea and SOS of Maryland John Wobensmith in important talk about cybersecurity in voting systems and social networks.__NEWLINE__@fortlezapr __NEWLINE __ @ DeptEstadoPR pic.twitter.com/1dw9l2yfxg"
[2018-10-07T16:55:42Z] DATA/puertorico_data/Individuals/Translatedricardorossello.txt -> DATA/puertorico_data/Individuals/Translatedricardorossello_WCOORDS.txt:
Found "FL" in tweet "Thanks to Eduardo Colón and his Melao Bakery team for welcoming us! The contribution of our people in Florida is significant. #OrgulloBoricua pic.twitter.com/2XeBgqdoZj"
[2018-10-07T16:56:11Z] DATA/puertorico_data/Individuals/TranslatedLuisRiveraMarin.txt -> DATA/puertorico_data/Individuals/TranslatedLuisRiveraMarin_WCOORDS.txt:
Mapped "MD" to coordinates (39.516223, -76.938207) within a 89.76563490251394 km radius
[2018-10-07T16:56:11Z] DATA/puertorico_data/Individuals/TranslatedLuisRiveraMarin.txt -> DATA/puertorico_data/Individuals/TranslatedLuisRiveraMarin_WCOORDS.txt:
Found "FL" in tweet "My prayers to the families of the victims of the horrible Florida shooting. @FLGovScott  @LopezCantera"
[2018-10-07T16:56:19Z] DATA/puertorico_data/Individuals/Translatedricardorossello.txt -> DATA/puertorico_data/Individuals/Translatedricardorossello_WCOORDS.txt:
Mapped "FL" to coordinates (27.756767, -81.463983) within a 210.85168210265104 km radius
[2018-10-07T16:56:19Z] DATA/puertorico_data/Individuals/Translatedricardorossello.txt -> DATA/puertorico_data/Individuals/Translatedricardorossello_WCOORDS.txt:
Found "FL" in tweet "Meeting with Professors of the University of Central Florida College of Education and Human Performance @UCF and our Education Advisor Edward Moreno. pic.twitter.com/Dy7GEQkPew"
[2018-10-07T16:56:22Z] DATA/puertorico_data/Individuals/Translatedricardorossello.txt -> DATA/puertorico_data/Individuals/Translatedricardorossello_WCOORDS.txt:
Mapped "FL" to coordinates (27.756767, -81.463983) within a 210.85168210265104 km radius
[2018-10-07T16:56:24Z] DATA/puertorico_data/Individuals/Translatedricardorossello.txt -> DATA/puertorico_data/Individuals/Translatedricardorossello_WCOORDS.txt:
Found "TX" in tweet "Together with the president of @SenadoPR @ trschatz51 and @ Mercader1 of @PRFAA meeting with the senator from Texas @tedcruz to discuss the importance of the Supplemental for Puerto Rico and its recovery. pic.twitter.com/T0l5ERyOMn"
[2018-10-07T16:56:54Z] DATA/puertorico_data/Individuals/TranslatedLuisRiveraMarin.txt -> DATA/puertorico_data/Individuals/TranslatedLuisRiveraMarin_WCOORDS.txt:
Mapped "FL" to coordinates (27.756767, -81.463983) within a 210.85168210265104 km radius
[2018-10-07T16:56:55Z] DATA/puertorico_data/Individuals/TranslatedLuisRiveraMarin.txt -> DATA/puertorico_data/Individuals/TranslatedLuisRiveraMarin_WCOORDS.txt:
Found "Real, ID" in tweet "Grant extension to Puerto Rico to comply with the Real ID @ElNuevoDia http: // www. elnuevodia.com/noticias/local es / nota / otorganextensionapuertorico to comply withrealid-2388635 / ..."
[2018-10-07T16:56:58Z] DATA/puertorico_data/Individuals/Translatedricardorossello.txt -> DATA/puertorico_data/Individuals/Translatedricardorossello_WCOORDS.txt:
Mapped "TX" to coordinates (31.816038, -99.512099) within a 464.57546726754583 km radius
[2018-10-07T16:57:00Z] DATA/puertorico_data/Individuals/Translatedricardorossello.txt -> DATA/puertorico_data/Individuals/Translatedricardorossello_WCOORDS.txt:
Found "New York, CO" in tweet "Press Conference with @NYGovCuomo , @NydiaVelazquez , @RepJoseSerrano  and the New York CODEL talking about the effects of the Federal Tax Reform in Puerto Rico and long term recover efforts in the Island #PRStrong pic.twitter.com/tEVpWaNKyi"
[2018-10-07T16:57:14Z] DATA/puertorico_data/Individuals/Translatedricardorossello.txt -> DATA/puertorico_data/Individuals/Translatedricardorossello_WCOORDS.txt:
Found "FL" in tweet "Talking with the Florida congressman @RepDarrenSoto about the attention that PR needs after Maria's step. Thankful for your support at pic.twitter.com/rg8ZkScbxd"
[2018-10-07T16:58:09Z] DATA/puertorico_data/Individuals/Translatedricardorossello.txt -> DATA/puertorico_data/Individuals/Translatedricardorossello_WCOORDS.txt:
Mapped "FL" to coordinates (27.756767, -81.463983) within a 210.85168210265104 km radius
[2018-10-07T16:58:10Z] DATA/puertorico_data/Individuals/Translatedricardorossello.txt -> DATA/puertorico_data/Individuals/Translatedricardorossello_WCOORDS.txt:
Found "CA" in tweet "Talking with @JerryBrownGov Governor of California at the airport before leaving for #PuertoRico. pic.twitter.com/iSFMetThbl"
[2018-10-07T16:58:38Z] DATA/puertorico_data/Individuals/Translatedricardorossello.txt -> DATA/puertorico_data/Individuals/Translatedricardorossello_WCOORDS.txt:
Mapped "CA" to coordinates (36.701463, -118.755997) within a 358.57430104148074 km radius
[2018-10-07T16:58:39Z] DATA/puertorico_data/Individuals/Translatedricardorossello.txt -> DATA/puertorico_data/Individuals/Translatedricardorossello_WCOORDS.txt:
Found "FL" in tweet "Talking with @ MayorJoseAlvar2 and Florida state legislators. Thank you for your collaboration with Puerto Rico. #PRSeLevanta pic.twitter.com/XMs9Jv66HV"
[2018-10-07T16:58:41Z] DATA/puertorico_data/Individuals/Translatedricardorossello.txt -> DATA/puertorico_data/Individuals/Translatedricardorossello_WCOORDS.txt:
Mapped "FL" to coordinates (27.756767, -81.463983) within a 210.85168210265104 km radius
[2018-10-07T16:58:42Z] DATA/puertorico_data/Individuals/Translatedricardorossello.txt -> DATA/puertorico_data/Individuals/Translatedricardorossello_WCOORDS.txt:
Found "WA" in tweet "Meeting with the executive director of @PRFAA @ Mercader1 to discuss the efforts we are making in Washington DC for recovery. pic.twitter.com/2XJA4hcQS4"
[2018-10-07T16:58:57Z] DATA/puertorico_data/Individuals/Translatedricardorossello.txt -> DATA/puertorico_data/Individuals/Translatedricardorossello_WCOORDS.txt:
Mapped "WA" to coordinates (47.286835, -120.212614) within a 234.2223807882968 km radius
[2018-10-07T16:58:57Z] DATA/puertorico_data/Individuals/Translatedricardorossello.txt -> DATA/puertorico_data/Individuals/Translatedricardorossello_WCOORDS.txt:
Found "WA" in tweet "Leaving our meeting with Senator @marcorubio in Washington DC. https: // www. facebook.com/rrossello/vide os / 1536530243049362 / ..."
[2018-10-07T16:59:08Z] DATA/puertorico_data/Individuals/Translatedricardorossello.txt -> DATA/puertorico_data/Individuals/Translatedricardorossello_WCOORDS.txt:
Mapped "WA" to coordinates (47.286835, -120.212614) within a 234.2223807882968 km radius
[2018-10-07T16:59:08Z] DATA/puertorico_data/Individuals/Translatedricardorossello.txt -> DATA/puertorico_data/Individuals/Translatedricardorossello_WCOORDS.txt:
Found "FL" in tweet "I thank the governor of Florida @FLGovScott for his collaboration in our task of raising Puerto Rico. pic.twitter.com/jRljf2waOI"
[2018-10-07T16:59:24Z] DATA/puertorico_data/Individuals/Translatedricardorossello.txt -> DATA/puertorico_data/Individuals/Translatedricardorossello_WCOORDS.txt:
Mapped "FL" to coordinates (27.756767, -81.463983) within a 210.85168210265104 km radius
[2018-10-07T16:59:24Z] DATA/puertorico_data/Individuals/Translatedricardorossello.txt -> DATA/puertorico_data/Individuals/Translatedricardorossello_WCOORDS.txt:
Found "FL" in tweet "I have given instructions to immediately coordinate with the states of Florida and New York to strengthen brigades @AEEONLINE pic.twitter.com/bxLgrU4uMC"
[2018-10-07T16:59:35Z] DATA/puertorico_data/Individuals/Translatedricardorossello.txt -> DATA/puertorico_data/Individuals/Translatedricardorossello_WCOORDS.txt:
Mapped "FL" to coordinates (27.756767, -81.463983) within a 210.85168210265104 km radius
[2018-10-07T16:59:37Z] DATA/puertorico_data/Individuals/Translatedricardorossello.txt -> DATA/puertorico_data/Individuals/Translatedricardorossello_WCOORDS.txt:
Found "TX" in tweet "My congratulations to the group of outstanding rescuers in support of Texas who returned to Puerto Rico today. They are a pride for our Island. Pic.twitter.com/X0HmDHiikV"
[2018-10-07T16:59:50Z] DATA/puertorico_data/Individuals/Translatedricardorossello.txt -> DATA/puertorico_data/Individuals/Translatedricardorossello_WCOORDS.txt:
Mapped "TX" to coordinates (31.816038, -99.512099) within a 464.57546726754583 km radius
[2018-10-07T16:59:50Z] DATA/puertorico_data/Individuals/Translatedricardorossello.txt -> DATA/puertorico_data/Individuals/Translatedricardorossello_WCOORDS.txt:
Found "WA" in tweet "I go to Washington to demand that it be included in the federal Tax Reform, as part of. It is a priority to achieve conditions that facilitate the creation of more and better jobs and promote the development of Puerto Rican companies. The way to achieve this leads to equality."
[2018-10-07T17:00:16Z] DATA/puertorico_data/Individuals/Translatedricardorossello.txt -> DATA/puertorico_data/Individuals/Translatedricardorossello_WCOORDS.txt:
Mapped "WA" to coordinates (47.286835, -120.212614) within a 234.2223807882968 km radius
[2018-10-07T17:00:17Z] DATA/puertorico_data/Individuals/Translatedricardorossello.txt -> DATA/puertorico_data/Individuals/Translatedricardorossello_WCOORDS.txt:
Found "TX" in tweet "Together with our fellow governors of Texas @GregAbbott_TX, Florida @FLGovScott and California @JerryBrownGov, we ask Congress to approve supplemental disaster assistance. pic.twitter.com/oRBvMQjcLR"
[2018-10-07T17:00:23Z] DATA/puertorico_data/Individuals/Translatedricardorossello.txt -> DATA/puertorico_data/Individuals/Translatedricardorossello_WCOORDS.txt:
Mapped "TX" to coordinates (31.816038, -99.512099) within a 464.57546726754583 km radius
[2018-10-07T17:00:25Z] DATA/puertorico_data/Individuals/Translatedricardorossello.txt -> DATA/puertorico_data/Individuals/Translatedricardorossello_WCOORDS.txt:
Found "TX" in tweet "Our claim is the same as Florida, Texas and USVI, we deserve equal treatment to lift Puerto Rico. pic.twitter.com/BMTNdRpk7E"
[2018-10-07T17:00:33Z] DATA/puertorico_data/Individuals/Translatedricardorossello.txt -> DATA/puertorico_data/Individuals/Translatedricardorossello_WCOORDS.txt:
Mapped "TX" to coordinates (31.816038, -99.512099) within a 464.57546726754583 km radius
[2018-10-07T17:00:34Z] DATA/puertorico_data/Individuals/Translatedricardorossello.txt -> DATA/puertorico_data/Individuals/Translatedricardorossello_WCOORDS.txt:
Found "PA" in tweet "Pennsylvania has an opportunity to change the national map. It is time to organize and achieve great changes for Puerto Rico. pic.twitter.com/kcMKRd59eC"
[2018-10-07T17:00:55Z] DATA/puertorico_data/Individuals/Translatedricardorossello.txt -> DATA/puertorico_data/Individuals/Translatedricardorossello_WCOORDS.txt:
Mapped "PA" to coordinates (40.969989, -77.727883) within a 192.2185649453149 km radius
[2018-10-07T17:00:56Z] DATA/puertorico_data/Individuals/Translatedricardorossello.txt -> DATA/puertorico_data/Individuals/Translatedricardorossello_WCOORDS.txt:
Found "FL" in tweet "Meeting with Florida utilities seeking additional resources to restore power. Thank you @FLGovScott for your support! pic.twitter.com/YMSfg4leSM"
[2018-10-07T17:01:05Z] DATA/puertorico_data/Individuals/Translatedricardorossello.txt -> DATA/puertorico_data/Individuals/Translatedricardorossello_WCOORDS.txt:
Mapped "FL" to coordinates (27.756767, -81.463983) within a 210.85168210265104 km radius
[2018-10-07T17:01:05Z] DATA/puertorico_data/Individuals/Translatedricardorossello.txt -> DATA/puertorico_data/Individuals/Translatedricardorossello_WCOORDS.txt:
Found "FL" in tweet "Thanks to the group of Puerto Rican doctors from Central Florida who serve the Puerto Ricans there. Thank you for joining the call for equality for all Puerto Ricans! pic.twitter.com/SYJ0xAz63T"
[2018-10-07T17:01:08Z] DATA/puertorico_data/Individuals/Translatedricardorossello.txt -> DATA/puertorico_data/Individuals/Translatedricardorossello_WCOORDS.txt:
Mapped "FL" to coordinates (27.756767, -81.463983) within a 210.85168210265104 km radius
[2018-10-07T17:01:09Z] DATA/puertorico_data/Individuals/Translatedricardorossello.txt -> DATA/puertorico_data/Individuals/Translatedricardorossello_WCOORDS.txt:
Found "WA" in tweet "Talking to @SenBillNelson  and @RepDarrenSoto  after their visit to several municipalities on the Island and companies affected by the Federal Tax Reform. They saw first hand the reality of Puerto Rico described in our visits to Washington DC. pic.twitter.com/k6xlCowmre"
[2018-10-07T17:01:56Z] DATA/puertorico_data/Individuals/Translatedricardorossello.txt -> DATA/puertorico_data/Individuals/Translatedricardorossello_WCOORDS.txt:
Mapped "WA" to coordinates (47.286835, -120.212614) within a 234.2223807882968 km radius
[2018-10-07T17:01:56Z] DATA/puertorico_data/Individuals/Translatedricardorossello.txt -> DATA/puertorico_data/Individuals/Translatedricardorossello_WCOORDS.txt:
Found "WA" in tweet "Talking with the governor of Washington State and leader of the @DemGovs, @GovInslee about the recovery of Puerto Rico and thanking the support of the Democratic governors. pic.twitter.com/Uzh2sd5Wy7"
[2018-10-07T17:02:07Z] DATA/puertorico_data/Individuals/Translatedricardorossello.txt -> DATA/puertorico_data/Individuals/Translatedricardorossello_WCOORDS.txt:
Mapped "WA" to coordinates (47.286835, -120.212614) within a 234.2223807882968 km radius
[2018-10-07T17:02:07Z] DATA/puertorico_data/Individuals/Translatedricardorossello.txt -> DATA/puertorico_data/Individuals/Translatedricardorossello_WCOORDS.txt:
Found "WA" in tweet "Meeting with @SecHacienda, @VillafanePR and @ AlfonsoOrona30 before our multisectorial meeting to delineate the actions in Washington DC on the Federal Tax Reform. pic.twitter.com/F3725xF1GV"
[2018-10-07T17:02:49Z] DATA/puertorico_data/Individuals/Translatedricardorossello.txt -> DATA/puertorico_data/Individuals/Translatedricardorossello_WCOORDS.txt:
Mapped "WA" to coordinates (47.286835, -120.212614) within a 234.2223807882968 km radius
[2018-10-07T17:02:50Z] DATA/puertorico_data/Individuals/Translatedricardorossello.txt -> DATA/puertorico_data/Individuals/Translatedricardorossello_WCOORDS.txt:
Found "WA" in tweet "Next to #FrentePorPR discussing the next steps in Washington DC to urge Congress to take decisive action to recover PR pic.twitter.com/HDGdg4a97c"
[2018-10-07T17:03:05Z] DATA/puertorico_data/Individuals/Translatedricardorossello.txt -> DATA/puertorico_data/Individuals/Translatedricardorossello_WCOORDS.txt:
Mapped "WA" to coordinates (47.286835, -120.212614) within a 234.2223807882968 km radius
[2018-10-07T17:03:05Z] DATA/puertorico_data/Individuals/Translatedricardorossello.txt -> DATA/puertorico_data/Individuals/Translatedricardorossello_WCOORDS.txt:
Found "The, MS" in tweet "Yesterday we welcomed the world's newest cruise ship in Puerto Rico. The MSC Seaside of the company @MSCCruisesUSA @ jri2 @omarjmarrero pic.twitter.com/AzRB4mPQUk"
[2018-10-07T17:03:28Z] DATA/puertorico_data/Individuals/Translatedricardorossello.txt -> DATA/puertorico_data/Individuals/Translatedricardorossello_WCOORDS.txt:
Mapped "The, MS" to coordinates (45.551494, -122.675583) within an unknown radius
[2018-10-07T17:03:29Z] DATA/puertorico_data/Individuals/Translatedricardorossello.txt -> DATA/puertorico_data/Individuals/Translatedricardorossello_WCOORDS.txt:
Found "WA" in tweet "Arriving at a meeting with the Equality Commission team that this week fulfill a busy agenda in Washington DC to continue the struggle to enforce the mandate of the people in favor of the end of the colony. pic.twitter.com/n8DrHxpwtd"
[2018-10-07T17:03:38Z] DATA/puertorico_data/Individuals/Translatedricardorossello.txt -> DATA/puertorico_data/Individuals/Translatedricardorossello_WCOORDS.txt:
Mapped "WA" to coordinates (47.286835, -120.212614) within a 234.2223807882968 km radius
[2018-10-07T17:03:38Z] DATA/puertorico_data/Individuals/Translatedricardorossello.txt -> DATA/puertorico_data/Individuals/Translatedricardorossello_WCOORDS.txt:
Found "WA" in tweet "Each sector is important in the fight for the inclusion of Puerto Rico in the Federal Tax Reform. We continue working together to advance our agenda in Washington DC. pic.twitter.com/b3gZjP8AHd"
[2018-10-07T17:03:48Z] DATA/puertorico_data/Individuals/Translatedricardorossello.txt -> DATA/puertorico_data/Individuals/Translatedricardorossello_WCOORDS.txt:
Mapped "WA" to coordinates (47.286835, -120.212614) within a 234.2223807882968 km radius
[2018-10-07T17:03:49Z] DATA/puertorico_data/Individuals/Translatedricardorossello.txt -> DATA/puertorico_data/Individuals/Translatedricardorossello_WCOORDS.txt:
Found "The, CO" in tweet "The COE is reviewing notices by social networks. https://twitter.com/carlosadyan/st atus / 912606685843337216 ..."
[2018-10-07T17:03:53Z] DATA/puertorico_data/Individuals/Translatedricardorossello.txt -> DATA/puertorico_data/Individuals/Translatedricardorossello_WCOORDS.txt:
Mapped "The, CO" to coordinates (63.162639, -149.432492) within an unknown radius
[2018-10-07T17:03:54Z] DATA/puertorico_data/Individuals/Translatedricardorossello.txt -> DATA/puertorico_data/Individuals/Translatedricardorossello_WCOORDS.txt:
Found "TX" in tweet "My thoughts and prayers go to the victims of the mass shooting in Texas.We stand united with the people of Texas in the wake of this tragedy"
[2018-10-07T17:03:55Z] DATA/puertorico_data/Individuals/Translatedricardorossello.txt -> DATA/puertorico_data/Individuals/Translatedricardorossello_WCOORDS.txt:
Mapped "TX" to coordinates (31.816038, -99.512099) within a 464.57546726754583 km radius
[2018-10-07T17:03:56Z] DATA/puertorico_data/Individuals/Translatedricardorossello.txt -> DATA/puertorico_data/Individuals/Translatedricardorossello_WCOORDS.txt:
Found "FL" in tweet "Arriving at the Central Florida Town Hall Meeting at the Kissimmee Civic Center with @FlGovScott , @MayorJoseAlvar2 , @RepDarrenSoto  and @SenBillNelson  @PRFAA pic.twitter.com/6WQb3BK38V"
[2018-10-07T17:04:24Z] DATA/puertorico_data/Individuals/Translatedricardorossello.txt -> DATA/puertorico_data/Individuals/Translatedricardorossello_WCOORDS.txt:
Mapped "FL" to coordinates (27.756767, -81.463983) within a 210.85168210265104 km radius
[2018-10-07T17:04:24Z] DATA/puertorico_data/Individuals/Translatedricardorossello.txt -> DATA/puertorico_data/Individuals/Translatedricardorossello_WCOORDS.txt:
Found "WA" in tweet "Hacienda resumes work in Washington DC. @DptoHacienda @SecHacienda pic.twitter.com/Tb6yah8ig2"
[2018-10-07T17:04:33Z] DATA/puertorico_data/Individuals/Translatedricardorossello.txt -> DATA/puertorico_data/Individuals/Translatedricardorossello_WCOORDS.txt:
Mapped "WA" to coordinates (47.286835, -120.212614) within a 234.2223807882968 km radius
[2018-10-07T17:04:33Z] DATA/puertorico_data/Individuals/Translatedricardorossello.txt -> DATA/puertorico_data/Individuals/Translatedricardorossello_WCOORDS.txt:
Found "WA" in tweet "Both the governor @PhilMurphyNJ and I are opposed to the Federal Tax Reform that is being discussed in Washington DC. The Reformation, as it is written, represents a major blow to the island. Pic.twitter.com/iT147TcNCg"
[2018-10-07T17:04:37Z] DATA/puertorico_data/Individuals/Translatedricardorossello.txt -> DATA/puertorico_data/Individuals/Translatedricardorossello_WCOORDS.txt:
Mapped "WA" to coordinates (47.286835, -120.212614) within a 234.2223807882968 km radius
[2018-10-07T17:04:37Z] DATA/puertorico_data/Individuals/Translatedricardorossello.txt -> DATA/puertorico_data/Individuals/Translatedricardorossello_WCOORDS.txt:
Found "MA" in tweet "Talking with Héctor De Jesús, Puerto Rican and postdoctoral student of the Massachusetts Institute of Technology (MIT), we were accompanied by the Chief Innovation Officer @prstatecino pic.twitter.com/8NsGje2MqE"
[2018-10-07T17:04:56Z] DATA/puertorico_data/Individuals/Translatedricardorossello.txt -> DATA/puertorico_data/Individuals/Translatedricardorossello_WCOORDS.txt:
Mapped "MA" to coordinates (42.378877, -72.032366) within a 80.39554265193742 km radius
[2018-10-07T17:04:56Z] DATA/puertorico_data/Individuals/Translatedricardorossello.txt -> DATA/puertorico_data/Individuals/Translatedricardorossello_WCOORDS.txt:
Found "FL" in tweet "We also spoke with the president @ TheDemocrats @ TomPerez and about 10 state legislators from Florida who visited #Ponce today. pic.twitter.com/ZT5bRv1P4T"
[2018-10-07T17:05:16Z] DATA/puertorico_data/Individuals/Translatedricardorossello.txt -> DATA/puertorico_data/Individuals/Translatedricardorossello_WCOORDS.txt:
Mapped "FL" to coordinates (27.756767, -81.463983) within a 210.85168210265104 km radius
[2018-10-07T17:05:16Z] DATA/puertorico_data/Individuals/Translatedricardorossello.txt -> DATA/puertorico_data/Individuals/Translatedricardorossello_WCOORDS.txt:
Found "WA" in tweet "Rosselló intercedes for the Island in Washington - https://goo.gl/xmnvR4"
[2018-10-07T17:05:30Z] DATA/puertorico_data/Individuals/Translatedricardorossello.txt -> DATA/puertorico_data/Individuals/Translatedricardorossello_WCOORDS.txt:
Mapped "WA" to coordinates (47.286835, -120.212614) within a 234.2223807882968 km radius
[2018-10-07T17:05:30Z] DATA/puertorico_data/Individuals/Translatedricardorossello.txt -> DATA/puertorico_data/Individuals/Translatedricardorossello_WCOORDS.txt:
Found "WA" in tweet "We are grateful for the direct collaboration of @ Jenniffer2012 in Washington DC on the discussion and support for measures to prepare the Island. Pic.twitter.com/nemMsjnevp"
[2018-10-07T17:05:38Z] DATA/puertorico_data/Individuals/Translatedricardorossello.txt -> DATA/puertorico_data/Individuals/Translatedricardorossello_WCOORDS.txt:
Mapped "WA" to coordinates (47.286835, -120.212614) within a 234.2223807882968 km radius
[2018-10-07T17:05:39Z] DATA/puertorico_data/Individuals/Translatedricardorossello.txt -> DATA/puertorico_data/Individuals/Translatedricardorossello_WCOORDS.txt:
Found "Governor Ricardo Rossello Joins, MS" in tweet "Governor Ricardo Rossello Joins MSNBC's Meet The Press  https://youtu.be/RzW-HlaR5Pw    via @YouTube"
[2018-10-07T17:05:43Z] DATA/puertorico_data/Individuals/Translatedricardorossello.txt -> DATA/puertorico_data/Individuals/Translatedricardorossello_WCOORDS.txt:
Found "WA" in tweet ". @ Mercader1 together with the team of #FrentePorPR start agenda in Washington DC. pic.twitter.com/7ejzE9nsaE"
[2018-10-07T17:05:50Z] DATA/puertorico_data/Individuals/Translatedricardorossello.txt -> DATA/puertorico_data/Individuals/Translatedricardorossello_WCOORDS.txt:
Mapped "WA" to coordinates (47.286835, -120.212614) within a 234.2223807882968 km radius
[2018-10-07T17:05:51Z] DATA/puertorico_data/Individuals/Translatedricardorossello.txt -> DATA/puertorico_data/Individuals/Translatedricardorossello_WCOORDS.txt:
Found "WA" in tweet "We arrived in Washington DC to fight for the inclusion of Puerto Rico in the Federal Tax Reform. Our goal is to guarantee the creation of jobs and improve conditions on the Island to achieve a growing economy. pic.twitter.com/7dibNP4Ox6"
[2018-10-07T17:06:17Z] DATA/puertorico_data/Individuals/Translatedricardorossello.txt -> DATA/puertorico_data/Individuals/Translatedricardorossello_WCOORDS.txt:
Mapped "WA" to coordinates (47.286835, -120.212614) within a 234.2223807882968 km radius
[2018-10-07T17:06:18Z] DATA/puertorico_data/Individuals/Translatedricardorossello.txt -> DATA/puertorico_data/Individuals/Translatedricardorossello_WCOORDS.txt:
Found "FL" in tweet "The contribution of every Puerto Rican and Puerto Rican in the state of Florida is incalculable. You are our voice to make a great change in the fight to achieve a fair deal for Puerto Rico. pic.twitter.com/tdAznXCPtv"
[2018-10-07T17:06:25Z] DATA/puertorico_data/Individuals/Translatedricardorossello.txt -> DATA/puertorico_data/Individuals/Translatedricardorossello_WCOORDS.txt:
Mapped "FL" to coordinates (27.756767, -81.463983) within a 210.85168210265104 km radius
[2018-10-07T17:06:27Z] DATA/puertorico_data/Individuals/Translatedricardorossello.txt -> DATA/puertorico_data/Individuals/Translatedricardorossello_WCOORDS.txt:
Found "Mason Tenders District Council, PA" in tweet "Meeting with several leaders of Laborers' International Union of North America (@LIUNA), Laborers Local 3 - New Jersey, Mason Tenders District Council PAC, SEIU 32BJ, Vamos 4 PR, Hispanic Federation, Nos Quedamos, Retail, Wholesale and Department Store Union and CBIO. @ Mercader1 pic.twitter.com/v8oxIAA3jw"
[2018-10-07T17:06:52Z] DATA/puertorico_data/Individuals/Translatedricardorossello.txt -> DATA/puertorico_data/Individuals/Translatedricardorossello_WCOORDS.txt:
Found "FL" in tweet "Attending call from former president @GeorgeHWBush and former Governor of Florida @JebBush. Thankful for your support and collaboration to PR. pic.twitter.com/qJb45Q4Rc6"
[2018-10-07T17:07:30Z] DATA/puertorico_data/Individuals/Translatedricardorossello.txt -> DATA/puertorico_data/Individuals/Translatedricardorossello_WCOORDS.txt:
Mapped "FL" to coordinates (27.756767, -81.463983) within a 210.85168210265104 km radius
[2018-10-07T17:07:31Z] DATA/puertorico_data/Individuals/Translatedricardorossello.txt -> DATA/puertorico_data/Individuals/Translatedricardorossello_WCOORDS.txt:
Found "FL" in tweet "Visiting the company Knox Medical Cultivation and Processing Facility in Orlando, Florida who inaugurate their first dispensary of medical cannabis in San Juan, creating jobs and facilitating treatments for patients in Puerto Rico. pic.twitter.com/4vGoqRC0KZ"
[2018-10-07T17:07:33Z] DATA/puertorico_data/Individuals/Translatedricardorossello.txt -> DATA/puertorico_data/Individuals/Translatedricardorossello_WCOORDS.txt:
Mapped "FL" to coordinates (27.756767, -81.463983) within a 210.85168210265104 km radius
[2018-10-07T17:07:34Z] DATA/puertorico_data/Individuals/Translatedricardorossello.txt -> DATA/puertorico_data/Individuals/Translatedricardorossello_WCOORDS.txt:
Found "WA" in tweet "Gathered in @fortalezapr with the Equality Commission to discuss the follow-up agenda in Washington DC. @ Mercader1 @ luisfortuno51 @ZoriFonalledas @ CharlesARodrig2 pic.twitter.com/zfQZIxsh9J"
[2018-10-07T17:07:36Z] DATA/puertorico_data/Individuals/Translatedricardorossello.txt -> DATA/puertorico_data/Individuals/Translatedricardorossello_WCOORDS.txt:
Mapped "WA" to coordinates (47.286835, -120.212614) within a 234.2223807882968 km radius
[2018-10-07T17:07:37Z] DATA/puertorico_data/Individuals/Translatedricardorossello.txt -> DATA/puertorico_data/Individuals/Translatedricardorossello_WCOORDS.txt:
Found "WA" in tweet "Today begins a new round of meetings in Washington D.C. #FrentePorPR pic.twitter.com/J1UlRg7n9k"
[2018-10-07T17:07:50Z] DATA/puertorico_data/Individuals/Translatedricardorossello.txt -> DATA/puertorico_data/Individuals/Translatedricardorossello_WCOORDS.txt:
Mapped "WA" to coordinates (47.286835, -120.212614) within a 234.2223807882968 km radius
[2018-10-07T17:07:50Z] DATA/puertorico_data/Individuals/Translatedricardorossello.txt -> DATA/puertorico_data/Individuals/Translatedricardorossello_WCOORDS.txt:
Found "FL" in tweet "Thanks to the work of the Florida Power and Light Corporation at #VillaContessa! @FLGovScott pic.twitter.com/fz6J3LUOOs"
[2018-10-07T17:08:11Z] DATA/puertorico_data/Individuals/Translatedricardorossello.txt -> DATA/puertorico_data/Individuals/Translatedricardorossello_WCOORDS.txt:
Mapped "FL" to coordinates (27.756767, -81.463983) within a 210.85168210265104 km radius
[2018-10-07T17:08:12Z] DATA/puertorico_data/Individuals/Translatedricardorossello.txt -> DATA/puertorico_data/Individuals/Translatedricardorossello_WCOORDS.txt:
Found "WA" in tweet "Equality Commission draws its agenda in Washington DC. pic.twitter.com/gDiZ8WZ8Dy"
[2018-10-07T17:08:23Z] DATA/puertorico_data/Individuals/Translatedricardorossello.txt -> DATA/puertorico_data/Individuals/Translatedricardorossello_WCOORDS.txt:
Mapped "WA" to coordinates (47.286835, -120.212614) within a 234.2223807882968 km radius
[2018-10-07T17:08:26Z] DATA/puertorico_data/Individuals/Translatedricardorossello.txt -> DATA/puertorico_data/Individuals/Translatedricardorossello_WCOORDS.txt:
Found "MA" in tweet "Puerto Rico evacuees in Massachusetts in need of new homes  @WCVB    http://www. wcvb.com/article/puerto -rico-evacuees-in-massachusetts-in-need-of-new-homes/14419852   … pic.twitter.com/E3hiSXOJzN"
[2018-10-07T17:08:28Z] DATA/puertorico_data/Individuals/Translatedricardorossello.txt -> DATA/puertorico_data/Individuals/Translatedricardorossello_WCOORDS.txt:
Mapped "MA" to coordinates (42.378877, -72.032366) within a 80.39554265193742 km radius
[2018-10-07T17:08:29Z] DATA/puertorico_data/Individuals/Translatedricardorossello.txt -> DATA/puertorico_data/Individuals/Translatedricardorossello_WCOORDS.txt:
Found "WA" in tweet "An external organization such as the School of Public Health of George Washington University that contributes to transparency in the data we seek. pic.twitter.com/WaEOdEjEei"
[2018-10-07T17:08:43Z] DATA/puertorico_data/Individuals/Translatedricardorossello.txt -> DATA/puertorico_data/Individuals/Translatedricardorossello_WCOORDS.txt:
Mapped "WA" to coordinates (47.286835, -120.212614) within a 234.2223807882968 km radius
[2018-10-07T17:08:43Z] DATA/puertorico_data/Individuals/Translatedricardorossello.txt -> DATA/puertorico_data/Individuals/Translatedricardorossello_WCOORDS.txt:
Found "FL" in tweet "Arriving at our meeting with Puerto Rican leaders in Central Florida to discuss the reconstruction work in Puerto Rico and the importance of participation in political processes outside the island. @ Mercader1 @PRFAA pic.twitter.com/pKhPPI8I4Y"
[2018-10-07T17:09:21Z] DATA/puertorico_data/Individuals/Translatedricardorossello.txt -> DATA/puertorico_data/Individuals/Translatedricardorossello_WCOORDS.txt:
Mapped "FL" to coordinates (27.756767, -81.463983) within a 210.85168210265104 km radius

Results for DATA:
--------------------------------------------------------------------------------
Total tweets: 7535
Tweets containing any address information in their text: 111
Tweets containing street-level address information in their text: 2
Tweets containing city-level address information in their text: 26
Tweets containing state-level address information in their text: 83
Tweets whose address information was extracted via nlp(): 1
Tweets whose address information was extracted via re(): 27
Tweets whose address information was extracted via statemap(): 83
--------------------------------------------------------------------------------
Tweets whose address mapped to a valid geolocation: 89
Tweets whose geolocation error is < 1 km: 0
Tweets whose geolocation error is < 5 km: 1
Tweets whose geolocation error is < 25 km: 0
Tweets whose geolocation error is < 100 km: 5
--------------------------------------------------------------------------------

gANjY29sbGVjdGlvbnMKZGVmYXVsdGRpY3QKcQBjYnVpbHRpbnMKaW50CnEBhXECUnEDKGNfX21haW5fXwpTaWduYWwKcQRLAYVxBVJxBk1vHWgESwaFcQdScQhLG2gESwKFcQlScQpLb2gESwOFcQtScQxLAmgESwiFcQ1ScQ5LU2gESwWFcQ9ScRBLU2gESwSFcRFScRJLGmgESwmFcRNScRRLWWgESw2FcRVScRZLBWgESweFcRdScRhLAWgESwuFcRlScRpLAWgESwqFcRtScRxLAGgESwyFcR1ScR5LAHUu