[2018-10-07T16:27:57Z] DATA/puertorico_data/Utilities/TranslatedAEEONLINE.txt -> DATA/puertorico_data/Utilities/TranslatedAEEONLINE_WCOORDS.txt:
Found "PA" in tweet "Pennsylvania Brigades will work to restore the electrical system - CC1 http://bit.ly/2FeBSCG"
[2018-10-07T16:32:11Z] DATA/puertorico_data/Utilities/TranslatedAEEONLINE.txt -> DATA/puertorico_data/Utilities/TranslatedAEEONLINE_WCOORDS.txt:
Mapped "PA" to coordinates (40.969989, -77.727883) within a 192.2185649453149 km radius
[2018-10-07T16:32:11Z] DATA/puertorico_data/Utilities/TranslatedAEEONLINE.txt -> DATA/puertorico_data/Utilities/TranslatedAEEONLINE_WCOORDS.txt:
Found "FL" in tweet "A thousand poles arrive from Florida __PIPE__ Metro CC1 https: // www. metro.pr/pr/news/20 17/11/13 / arrive-mil-postes-florida.html ..."
[2018-10-07T16:32:53Z] DATA/puertorico_data/Utilities/TranslatedAEEONLINE.txt -> DATA/puertorico_data/Utilities/TranslatedAEEONLINE_WCOORDS.txt:
Mapped "FL" to coordinates (27.756767, -81.463983) within a 210.85168210265104 km radius
[2018-10-07T16:32:53Z] DATA/puertorico_data/Utilities/TranslatedAEEONLINE.txt -> DATA/puertorico_data/Utilities/TranslatedAEEONLINE_WCOORDS.txt:
Found "Carolina, AR" in tweet "Now: Carolina AROT, Alvin Rosario Osorio, speaks in The Front Interview with Rubén Sánchez for WKAQ 580, about the restoration works of the electrical infrastructure from Carolina to Culebra. CC1 pic.twitter.com/saGVcypUAD"
[2018-10-07T16:36:35Z] DATA/puertorico_data/Utilities/TranslatedAEEONLINE.txt -> DATA/puertorico_data/Utilities/TranslatedAEEONLINE_WCOORDS.txt:
Found "4400 Metro Office Park" in tweet "We thank the police for supporting the SJ Construction and Improvements staff that works in line 4400 Metro Office Park area. #PRselevanta CC6 pic.twitter.com/Q2ASDmnGLB"
[2018-10-07T16:36:56Z] DATA/puertorico_data/Utilities/TranslatedAEEONLINE.txt -> DATA/puertorico_data/Utilities/TranslatedAEEONLINE_WCOORDS.txt:
Mapped "4400 Metro Office Park" to coordinates (42.176553, -83.434027) within a 0.0 km radius
[2018-10-07T16:36:56Z] DATA/puertorico_data/Utilities/TranslatedAEEONLINE.txt -> DATA/puertorico_data/Utilities/TranslatedAEEONLINE_WCOORDS.txt:
Found "WI" in tweet "Now: Technical staff of the company Wisconsin Power System repairs a section of feeder in the street Uruguay of Hato Rey to energize the customers of that capital area, including the facilities of the Coribantes Theater. CC1 pic.twitter.com/xjZ8dsR4il"
[2018-10-07T16:37:42Z] DATA/puertorico_data/Utilities/TranslatedAEEONLINE.txt -> DATA/puertorico_data/Utilities/TranslatedAEEONLINE_WCOORDS.txt:
Mapped "WI" to coordinates (44.430898, -89.688464) within a 211.59911209729333 km radius
[2018-10-07T16:37:42Z] DATA/puertorico_data/Utilities/TranslatedAEEONLINE.txt -> DATA/puertorico_data/Utilities/TranslatedAEEONLINE_WCOORDS.txt:
Found "FL" in tweet "Ricardo Ramos: "We requested brigades from Florida and New York to continue working on the reconstruction of our electrical system." CC1 pic.twitter.com/vT97NBMg3y"
[2018-10-07T16:37:47Z] DATA/puertorico_data/Utilities/TranslatedAEEONLINE.txt -> DATA/puertorico_data/Utilities/TranslatedAEEONLINE_WCOORDS.txt:
Mapped "FL" to coordinates (27.756767, -81.463983) within a 210.85168210265104 km radius
[2018-10-07T16:37:48Z] DATA/puertorico_data/Utilities/TranslatedAEEONLINE.txt -> DATA/puertorico_data/Utilities/TranslatedAEEONLINE_WCOORDS.txt:
Found "The, DE" in tweet "[TODAY] The DE, Justo González accompanied by Carlos Alvarado, chief of operations, Luis Maeso, AROT Cag and district engineers Cayey, Francisco Rodríguez and Barranquitas, Martín Wah inspect the electrical system of Aibonito with the mayor, Willie Alicea. We continue ... CC6 pic.twitter.com/GKcEGocxrB"
[2018-10-07T16:40:30Z] DATA/puertorico_data/Utilities/TranslatedAEEONLINE.txt -> DATA/puertorico_data/Utilities/TranslatedAEEONLINE_WCOORDS.txt:
Mapped "The, DE" to coordinates (40.298672, -83.067965) within an unknown radius
[2018-10-07T16:40:32Z] DATA/puertorico_data/Utilities/TranslatedAEEONLINE.txt -> DATA/puertorico_data/Utilities/TranslatedAEEONLINE_WCOORDS.txt:
Found "FL" in tweet "In recent days, our partners installed poles, connected lines and carried out other work in urbanization of the Municipality of Florida to continue with the restoration of the country's electrical system. We continue! #PRSeLevanta CC6 pic.twitter.com/CZL8y4aaca"
[2018-10-07T16:40:35Z] DATA/puertorico_data/Utilities/TranslatedAEEONLINE.txt -> DATA/puertorico_data/Utilities/TranslatedAEEONLINE_WCOORDS.txt:
Mapped "FL" to coordinates (27.756767, -81.463983) within a 210.85168210265104 km radius
[2018-10-07T16:40:36Z] DATA/puertorico_data/Utilities/TranslatedAEEONLINE.txt -> DATA/puertorico_data/Utilities/TranslatedAEEONLINE_WCOORDS.txt:
Found "FL" in tweet "Rossello and Scott fine-tune details for Florida brigade support - CC1 http://bit.ly/2xXe4Qw"
[2018-10-07T16:43:03Z] DATA/puertorico_data/Utilities/TranslatedAEEONLINE.txt -> DATA/puertorico_data/Utilities/TranslatedAEEONLINE_WCOORDS.txt:
Mapped "FL" to coordinates (27.756767, -81.463983) within a 210.85168210265104 km radius
[2018-10-07T16:43:04Z] DATA/puertorico_data/Utilities/TranslatedAEEONLINE.txt -> DATA/puertorico_data/Utilities/TranslatedAEEONLINE_WCOORDS.txt:
Found "The, DE" in tweet "The DE had previously announced that the restoration work could take up to four months and in 73 hours only 35% is missing. CC6"
[2018-10-07T16:43:27Z] DATA/puertorico_data/Utilities/TranslatedAEEONLINE.txt -> DATA/puertorico_data/Utilities/TranslatedAEEONLINE_WCOORDS.txt:
Mapped "The, DE" to coordinates (40.298672, -83.067965) within an unknown radius
[2018-10-07T16:43:28Z] DATA/puertorico_data/Utilities/TranslatedAEEONLINE.txt -> DATA/puertorico_data/Utilities/TranslatedAEEONLINE_WCOORDS.txt:
Found "FL" in tweet "Follow our #TeamAEE working hard ... here in the Tosas Sector of the Pajonal Neighborhood of Florida our brigade makes a line transfer. We continue ... to illuminate PR. CC6 pic.twitter.com/xfAJNGFk5J"
[2018-10-07T16:44:48Z] DATA/puertorico_data/Utilities/TranslatedAEEONLINE.txt -> DATA/puertorico_data/Utilities/TranslatedAEEONLINE_WCOORDS.txt:
Mapped "FL" to coordinates (27.756767, -81.463983) within a 210.85168210265104 km radius

Results for DATA:
--------------------------------------------------------------------------------
Total tweets: 2864
Tweets containing any address information in their text: 11
Tweets containing street-level address information in their text: 1
Tweets containing city-level address information in their text: 3
Tweets containing state-level address information in their text: 7
Tweets whose address information was extracted via nlp(): 1
Tweets whose address information was extracted via re(): 3
Tweets whose address information was extracted via statemap(): 7
--------------------------------------------------------------------------------
Tweets whose address mapped to a valid geolocation: 10
Tweets whose geolocation error is < 1 km: 1
Tweets whose geolocation error is < 5 km: 0
Tweets whose geolocation error is < 25 km: 0
Tweets whose geolocation error is < 100 km: 0
--------------------------------------------------------------------------------

gANjY29sbGVjdGlvbnMKZGVmYXVsdGRpY3QKcQBjYnVpbHRpbnMKaW50CnEBhXECUnEDKGNfX21haW5fXwpTaWduYWwKcQRLAYVxBVJxBk0wC2gESwiFcQdScQhLB2gESwKFcQlScQpLC2gESwWFcQtScQxLB2gESwmFcQ1ScQ5LCmgESwaFcQ9ScRBLA2gESwSFcRFScRJLA2gESweFcRNScRRLAWgESwOFcRVScRZLAWgESwqFcRdScRhLAWgESwuFcRlScRpLAGgESwyFcRtScRxLAGgESw2FcR1ScR5LAHUu