[2018-10-07T16:27:33Z] DATA/puertorico_data/Environmental Groups/TranslatedEPAregion2.txt -> DATA/puertorico_data/Environmental Groups/TranslatedEPAregion2_WCOORDS.txt:
Found "Canajoharie, NY" in tweet "Great editorial in the @dgazette   about fed, state, and local cooperation on environmental cleanup in Canajoharie, NY: Beech-Nut agreement is a model  http://ow.ly/cECi30gH8fe  "
[2018-10-07T16:27:39Z] DATA/puertorico_data/Environmental Groups/Translatedestuariosanjuan.txt -> DATA/puertorico_data/Environmental Groups/Translatedestuariosanjuan_WCOORDS.txt:
Found "265 San Francisco Street" in tweet "Today, Open House, at the Estuary Center at 265 San Francisco Street, Old San Juan from 10AM. Come and sign up! #voluntarios pic.twitter.com/Wn0HW82F2a"
[2018-10-07T16:28:58Z] DATA/puertorico_data/Environmental Groups/TranslatedEPAregion2.txt -> DATA/puertorico_data/Environmental Groups/TranslatedEPAregion2_WCOORDS.txt:
Mapped "Canajoharie, NY" to coordinates (42.905629, -74.571807) within an unknown radius
[2018-10-07T16:28:58Z] DATA/puertorico_data/Environmental Groups/TranslatedEPAregion2.txt -> DATA/puertorico_data/Environmental Groups/TranslatedEPAregion2_WCOORDS.txt:
Found "Newark, NJ" in tweet "Join us tonight 11/9 for the #PassaicRiver  Community Advisory Group meeting in Newark, NJ  http://ow.ly/VH0W30gtqTS  "
[2018-10-07T16:31:09Z] DATA/puertorico_data/Environmental Groups/Translatedestuariosanjuan.txt -> DATA/puertorico_data/Environmental Groups/Translatedestuariosanjuan_WCOORDS.txt:
Mapped "265 San Francisco Street" to coordinates (34.105829, -118.095393) within a 0.0 km radius
[2018-10-07T16:31:51Z] DATA/puertorico_data/Environmental Groups/TranslatedEPAregion2.txt -> DATA/puertorico_data/Environmental Groups/TranslatedEPAregion2_WCOORDS.txt:
Mapped "Newark, NJ" to coordinates (40.735657, -74.172367) within an unknown radius
[2018-10-07T16:31:51Z] DATA/puertorico_data/Environmental Groups/TranslatedEPAregion2.txt -> DATA/puertorico_data/Environmental Groups/TranslatedEPAregion2_WCOORDS.txt:
Found "Rutherford, NJ" in tweet "Join us for Berry’s Creek Study Area public information session 6pm, Rutherford Public Library in Rutherford, NJ.  http://ow.ly/lDby30f5P3u   pic.twitter.com/UgDp9YGkLu"
[2018-10-07T16:34:21Z] DATA/puertorico_data/Environmental Groups/TranslatedEPAregion2.txt -> DATA/puertorico_data/Environmental Groups/TranslatedEPAregion2_WCOORDS.txt:
Mapped "Rutherford, NJ" to coordinates (40.826489, -74.106809) within an unknown radius
[2018-10-07T16:34:21Z] DATA/puertorico_data/Environmental Groups/TranslatedEPAregion2.txt -> DATA/puertorico_data/Environmental Groups/TranslatedEPAregion2_WCOORDS.txt:
Found "Woolrich, NJ" in tweet "Matlack #Superfund  site public meeting tonight 9/14, 6:30 pm, Woolrich Township Municipal Courtroom in Woolrich, NJ  http://ow.ly/63Dp30f4tDF  "
[2018-10-07T16:34:38Z] DATA/puertorico_data/Environmental Groups/TranslatedEPAregion2.txt -> DATA/puertorico_data/Environmental Groups/TranslatedEPAregion2_WCOORDS.txt:
Found "Ringwood Mines Superfund Site, CA" in tweet "Ringwood Mines Superfund Site CAG meeting is tonight, 10/17 at 6 pm in Ringwood, NJ.  http://ow.ly/H29i30fW3gD  "
[2018-10-07T16:35:18Z] DATA/puertorico_data/Environmental Groups/TranslatedEPAregion2.txt -> DATA/puertorico_data/Environmental Groups/TranslatedEPAregion2_WCOORDS.txt:
Found "Galloway, NJ" in tweet "EPA to secure clean drinking water source near #Superfund  site in Galloway, NJ:  https://www. epa.gov/newsreleases/e pa-secure-clean-drinking-water-source-near-superfund-site-galloway-nj-0   … pic.twitter.com/YgOO0mBfH4"
[2018-10-07T16:37:25Z] DATA/puertorico_data/Environmental Groups/TranslatedEPAregion2.txt -> DATA/puertorico_data/Environmental Groups/TranslatedEPAregion2_WCOORDS.txt:
Mapped "Galloway, NJ" to coordinates (39.464610, -74.498614) within an unknown radius
[2018-10-07T16:37:25Z] DATA/puertorico_data/Environmental Groups/TranslatedEPAregion2.txt -> DATA/puertorico_data/Environmental Groups/TranslatedEPAregion2_WCOORDS.txt:
Found "Nassau County, NY" in tweet "Decision finalized on next phase of cleanup at Peninsula Boulevard #Superfund  site in Hewlett, Nassau County, NY: https://www. epa.gov/newsreleases/e pa-finalizes-decision-second-phase-cleanup-peninsula-boulevard-superfund-site-hewlett   …"
[2018-10-07T16:38:33Z] DATA/puertorico_data/Environmental Groups/TranslatedEPAregion2.txt -> DATA/puertorico_data/Environmental Groups/TranslatedEPAregion2_WCOORDS.txt:
Mapped "Nassau County, NY" to coordinates (42.543323, -73.544002) within an unknown radius
[2018-10-07T16:38:34Z] DATA/puertorico_data/Environmental Groups/TranslatedEPAregion2.txt -> DATA/puertorico_data/Environmental Groups/TranslatedEPAregion2_WCOORDS.txt:
Found "Mansfield Trail Dump, CA" in tweet "Reminder: Mansfield Trail Dump CAG meeting tonight, 10/16 in Byram Township, NJ.__NEWLINE__ https://cumulis.epa.gov/supercpad/Site Profiles/index.cfm?fuseaction=second.Stayup&id=0206345   … pic.twitter.com/3wiTrrAqbJ"
[2018-10-07T16:38:44Z] DATA/puertorico_data/Environmental Groups/TranslatedEPAregion2.txt -> DATA/puertorico_data/Environmental Groups/TranslatedEPAregion2_WCOORDS.txt:
Found "Passaic River, CA" in tweet "Join us for Passaic River CAG meeting tonight, 9/14 in Newark, NJ at 6 pm  http://ourpassaic.org /  "
[2018-10-07T16:39:34Z] DATA/puertorico_data/Environmental Groups/TranslatedEPAregion2.txt -> DATA/puertorico_data/Environmental Groups/TranslatedEPAregion2_WCOORDS.txt:
Found "Passaic River, CA" in tweet "Reminder: Tonight is the Passaic River CAG Meeting in Newark, NJ from 6pm-8pm – See you there!"
[2018-10-07T16:40:22Z] DATA/puertorico_data/Environmental Groups/TranslatedEPAregion2.txt -> DATA/puertorico_data/Environmental Groups/TranslatedEPAregion2_WCOORDS.txt:
Found "Morris County, NJ" in tweet "From heavily contaminated land to solar field, Picatinny Arsenal in Morris County, NJ has a #Superfund  land reuse storybook ending! https://youtu.be/ExOcg_zUQEY  "
[2018-10-07T16:40:42Z] DATA/puertorico_data/Environmental Groups/TranslatedEPAregion2.txt -> DATA/puertorico_data/Environmental Groups/TranslatedEPAregion2_WCOORDS.txt:
Mapped "Morris County, NJ" to coordinates (40.798799, -74.520847) within an unknown radius
[2018-10-07T16:40:42Z] DATA/puertorico_data/Environmental Groups/TranslatedEPAregion2.txt -> DATA/puertorico_data/Environmental Groups/TranslatedEPAregion2_WCOORDS.txt:
Found "Massena, NY" in tweet "Reminder: Alcoa Grasse River public information session in Massena, NY tonight, 10/18. pic.twitter.com/7ccXyJPnZ0"
[2018-10-07T16:42:27Z] DATA/puertorico_data/Environmental Groups/TranslatedEPAregion2.txt -> DATA/puertorico_data/Environmental Groups/TranslatedEPAregion2_WCOORDS.txt:
Mapped "Massena, NY" to coordinates (44.928106, -74.892082) within an unknown radius
[2018-10-07T16:42:27Z] DATA/puertorico_data/Environmental Groups/TranslatedEPAregion2.txt -> DATA/puertorico_data/Environmental Groups/TranslatedEPAregion2_WCOORDS.txt:
Found "In, NY" in tweet "In NYC, please call @nyc311  to report."
[2018-10-07T16:42:36Z] DATA/puertorico_data/Environmental Groups/TranslatedEPAregion2.txt -> DATA/puertorico_data/Environmental Groups/TranslatedEPAregion2_WCOORDS.txt:
Mapped "In, NY" to coordinates (30.838520, -87.200805) within an unknown radius
[2018-10-07T16:42:36Z] DATA/puertorico_data/Environmental Groups/TranslatedEPAregion2.txt -> DATA/puertorico_data/Environmental Groups/TranslatedEPAregion2_WCOORDS.txt:
Found "Queens, NY" in tweet "EPA finalized plan to clean up Wolff-Alport Chemical Company Superfund site in Queens, NY.  https://www. epa.gov/newsreleases/e pa-remove-threats-radiological-contamination-superfund-site-queens-ny-0   … pic.twitter.com/4GYfOS6wr4"
[2018-10-07T16:44:35Z] DATA/puertorico_data/Environmental Groups/TranslatedEPAregion2.txt -> DATA/puertorico_data/Environmental Groups/TranslatedEPAregion2_WCOORDS.txt:
Mapped "Queens, NY" to coordinates (40.749824, -73.797634) within an unknown radius
[2018-10-07T16:44:35Z] DATA/puertorico_data/Environmental Groups/TranslatedEPAregion2.txt -> DATA/puertorico_data/Environmental Groups/TranslatedEPAregion2_WCOORDS.txt:
Found "Passaic River, CA" in tweet "UPDATE: Passaic River CAG meeting postponed to next Thursday, March 15. Visit  http://www. ourpassaic.org /    for more information."
[2018-10-07T16:44:43Z] DATA/puertorico_data/Environmental Groups/TranslatedEPAregion2.txt -> DATA/puertorico_data/Environmental Groups/TranslatedEPAregion2_WCOORDS.txt:
Found "NewtownCreek , CA" in tweet "Join us for the #NewtownCreek  CAG meeting tonight, 10/11 from 6:30p-8:30p at Sunnyside Community Services http://ow.ly/P4Wz30fNMjM  "
[2018-10-07T16:45:06Z] DATA/puertorico_data/Environmental Groups/TranslatedEPAregion2.txt -> DATA/puertorico_data/Environmental Groups/TranslatedEPAregion2_WCOORDS.txt:
Found "Brooklyn, NY" in tweet "Reminder! Tonight is the @GowanusCAG  general meeting in Brooklyn, NY and it starts at 6:30PM - See you there!"
[2018-10-07T16:50:00Z] DATA/puertorico_data/Environmental Groups/TranslatedEPAregion2.txt -> DATA/puertorico_data/Environmental Groups/TranslatedEPAregion2_WCOORDS.txt:
Mapped "Brooklyn, NY" to coordinates (40.650104, -73.949582) within an unknown radius
[2018-10-07T16:50:00Z] DATA/puertorico_data/Environmental Groups/TranslatedEPAregion2.txt -> DATA/puertorico_data/Environmental Groups/TranslatedEPAregion2_WCOORDS.txt:
Found "Brooklyn, NY" in tweet "Dredging pilot project at #Gowanus  Canal Superfund site in Brooklyn, NY to begin:  https://www. epa.gov/newsreleases/d redging-pilot-gowanus-canal-superfund-site-brooklyn-ny-begin   … pic.twitter.com/f9WIGvFJj5"
[2018-10-07T16:50:11Z] DATA/puertorico_data/Environmental Groups/TranslatedEPAregion2.txt -> DATA/puertorico_data/Environmental Groups/TranslatedEPAregion2_WCOORDS.txt:
Mapped "Brooklyn, NY" to coordinates (40.650104, -73.949582) within an unknown radius
[2018-10-07T16:50:12Z] DATA/puertorico_data/Environmental Groups/TranslatedEPAregion2.txt -> DATA/puertorico_data/Environmental Groups/TranslatedEPAregion2_WCOORDS.txt:
Found "Ringwood, NJ" in tweet "Reminder: Tonight 11/9 is the Ringwood Mines Community Advisory Group meeting in Ringwood, NJ.  http://ow.ly/QOrj30gsUs8  "
[2018-10-07T16:51:33Z] DATA/puertorico_data/Environmental Groups/TranslatedEPAregion2.txt -> DATA/puertorico_data/Environmental Groups/TranslatedEPAregion2_WCOORDS.txt:
Mapped "Ringwood, NJ" to coordinates (41.113429, -74.245425) within an unknown radius
[2018-10-07T16:51:33Z] DATA/puertorico_data/Environmental Groups/TranslatedEPAregion2.txt -> DATA/puertorico_data/Environmental Groups/TranslatedEPAregion2_WCOORDS.txt:
Found "Brooklyn, NY" in tweet "Reminder: #GowanusCanal  Superfund Site Community Advisory Group meeting tonight, 10/24 in Brooklyn, NY. @GowanusCAG   https://gowanuscag.org /   pic.twitter.com/SRFK0a8NmJ"
[2018-10-07T16:52:44Z] DATA/puertorico_data/Environmental Groups/TranslatedEPAregion2.txt -> DATA/puertorico_data/Environmental Groups/TranslatedEPAregion2_WCOORDS.txt:
Mapped "Brooklyn, NY" to coordinates (40.650104, -73.949582) within an unknown radius
[2018-10-07T16:52:44Z] DATA/puertorico_data/Environmental Groups/TranslatedEPAregion2.txt -> DATA/puertorico_data/Environmental Groups/TranslatedEPAregion2_WCOORDS.txt:
Found "West Deptford, NJ" in tweet "EPA plan for additional cleanup of lead-contaminated properties in West Deptford, NJ moves forward. #Superfund https://www. epa.gov/newsreleases/e pa-plan-additional-cleanup-lead-contaminated-residential-properties-west-deptford-nj   …"
[2018-10-07T16:55:21Z] DATA/puertorico_data/Environmental Groups/TranslatedEPAregion2.txt -> DATA/puertorico_data/Environmental Groups/TranslatedEPAregion2_WCOORDS.txt:
Mapped "West Deptford, NJ" to coordinates (39.827176, -75.123589) within an unknown radius

Results for DATA:
--------------------------------------------------------------------------------
Total tweets: 334
Tweets containing any address information in their text: 22
Tweets containing street-level address information in their text: 1
Tweets containing city-level address information in their text: 21
Tweets containing state-level address information in their text: 0
Tweets whose address information was extracted via nlp(): 1
Tweets whose address information was extracted via re(): 21
Tweets whose address information was extracted via statemap(): 0
--------------------------------------------------------------------------------
Tweets whose address mapped to a valid geolocation: 15
Tweets whose geolocation error is < 1 km: 1
Tweets whose geolocation error is < 5 km: 0
Tweets whose geolocation error is < 25 km: 0
Tweets whose geolocation error is < 100 km: 0
--------------------------------------------------------------------------------

gANjY29sbGVjdGlvbnMKZGVmYXVsdGRpY3QKcQBjYnVpbHRpbnMKaW50CnEBhXECUnEDKGNfX21haW5fXwpTaWduYWwKcQRLAYVxBVJxBk1OAWgESwaFcQdScQhLFWgESwKFcQlScQpLFmgESwSFcQtScQxLFWgESweFcQ1ScQ5LAWgESwOFcQ9ScRBLAWgESwmFcRFScRJLD2gESwqFcRNScRRLAWgESwWFcRVScRZLAGgESwiFcRdScRhLAGgESwuFcRlScRpLAGgESwyFcRtScRxLAGgESw2FcR1ScR5LAHUu